<?xml version='1.0'?>
<ns2:test-suite xmlns:ns2='urn:model.allure.qatools.yandex.ru' start='1648840762129' stop='1648840763418'>
    <name>Creating new account for tommy: As a user, I try to create account with credentials</name>
    <title>Creating new account for tommy: As a user, I try to create account with credentials</title>
    <test-cases>
        <test-case start='1648840762130' status='passed' stop='1648840762130'>
            <name></name>
            <title></title>
            <labels>
                <label name='language' value='javascript'/>
                <label name='framework' value='wdio'/>
                <label name='thread' value='0-0'/>
            </labels>
            <parameters>
                <parameter kind='argument' name='browser' value='Chrome-99.0.4844.84'/>
            </parameters>
            <steps/>
            <attachments/>
        </test-case>
        <test-case start='1648840762130' status='passed' stop='1648840763417'>
            <name>Given I am on the login page</name>
            <title>Given I am on the login page</title>
            <labels>
                <label name='language' value='javascript'/>
                <label name='framework' value='wdio'/>
                <label name='thread' value='0-0'/>
            </labels>
            <parameters>
                <parameter kind='argument' name='browser' value='Chrome-99.0.4844.84'/>
            </parameters>
            <steps>
                <step start='1648840762190' status='passed' stop='1648840763416'>
                    <name>navigateTo</name>
                    <title>navigateTo</title>
                    <attachments>
                        <attachment title='Request' source='f86d5076-dc10-436d-ad18-9ffa7b3f1aaf-attachment.json' type='application/json' size='36'/>
                    </attachments>
                    <steps/>
                </step>
            </steps>
            <attachments/>
        </test-case>
        <test-case start='1648840763417' status='broken' stop='1648840763417'>
            <name>When I login with test999@test.com and S123456.</name>
            <title>When I login with test999@test.com and S123456.</title>
            <labels>
                <label name='language' value='javascript'/>
                <label name='framework' value='wdio'/>
                <label name='thread' value='0-0'/>
            </labels>
            <parameters>
                <parameter kind='argument' name='browser' value='Chrome-99.0.4844.84'/>
            </parameters>
            <steps/>
            <attachments/>
            <failure>
                <message>Step "I login with test999@test.com and S123456." is not defined. You can ignore this error by setting cucumberOpts.ignoreUndefinedDefinitions as true.</message>
                <stack-trace>Step "I login with test999@test.com and S123456." is not defined. You can ignore this error by setting cucumberOpts.ignoreUndefinedDefinitions as true.
                	at Feature(/Users/user/Documents/WIOTypeScriptCucumber/features/login.feature):1:1
                	at Scenario(As a user, I try to create account with credentials):14:3
                	at Step(I login with &lt;username> and &lt;password>):16:7
                </stack-trace>
            </failure>
        </test-case>
        <test-case start='1648840763417' status='broken' stop='1648840763417'>
            <name>Then Î should see MIJN ACCOUNT page title</name>
            <title>Then Î should see MIJN ACCOUNT page title</title>
            <labels>
                <label name='language' value='javascript'/>
                <label name='framework' value='wdio'/>
                <label name='thread' value='0-0'/>
            </labels>
            <parameters>
                <parameter kind='argument' name='browser' value='Chrome-99.0.4844.84'/>
            </parameters>
            <steps/>
            <attachments/>
            <failure>
                <message>Step "Î should see MIJN ACCOUNT page title" is not defined. You can ignore this error by setting cucumberOpts.ignoreUndefinedDefinitions as true.</message>
                <stack-trace>Step "Î should see MIJN ACCOUNT page title" is not defined. You can ignore this error by setting cucumberOpts.ignoreUndefinedDefinitions as true.
                	at Feature(/Users/user/Documents/WIOTypeScriptCucumber/features/login.feature):1:1
                	at Scenario(As a user, I try to create account with credentials):14:3
                	at Step(Î should see &lt;title> page title):17:7
                </stack-trace>
            </failure>
        </test-case>
        <test-case start='1648840763418' status='passed' stop='1648840763418'>
            <name></name>
            <title></title>
            <labels>
                <label name='language' value='javascript'/>
                <label name='framework' value='wdio'/>
                <label name='thread' value='0-0'/>
            </labels>
            <parameters>
                <parameter kind='argument' name='browser' value='Chrome-99.0.4844.84'/>
            </parameters>
            <steps/>
            <attachments/>
        </test-case>
    </test-cases>
</ns2:test-suite>